[debug] [2025-02-10T16:30:37.004Z] ----------------------------------------------------------------------
[debug] [2025-02-10T16:30:37.006Z] Command:       /usr/local/bin/node /usr/local/bin/firebase init
[debug] [2025-02-10T16:30:37.006Z] CLI Version:   13.30.0
[debug] [2025-02-10T16:30:37.006Z] Platform:      darwin
[debug] [2025-02-10T16:30:37.006Z] Node Version:  v22.13.0
[debug] [2025-02-10T16:30:37.006Z] Time:          Mon Feb 10 2025 22:00:37 GMT+0530 (India Standard Time)
[debug] [2025-02-10T16:30:37.006Z] ----------------------------------------------------------------------
[debug] 
[debug] [2025-02-10T16:30:37.010Z] > command requires scopes: ["email","openid","https://www.googleapis.com/auth/cloudplatformprojects.readonly","https://www.googleapis.com/auth/firebase","https://www.googleapis.com/auth/cloud-platform"]
[debug] [2025-02-10T16:30:37.010Z] > authorizing via signed-in user (idris.slatewala@gmail.com)
[info] 
     ######## #### ########  ######## ########     ###     ######  ########
     ##        ##  ##     ## ##       ##     ##  ##   ##  ##       ##
     ######    ##  ########  ######   ########  #########  ######  ######
     ##        ##  ##    ##  ##       ##     ## ##     ##       ## ##
     ##       #### ##     ## ######## ########  ##     ##  ######  ########

You're about to initialize a Firebase project in this directory:

  /Users/saif/Library/CloudStorage/Dropbox/Idris/Code/JavaScript/React/firebase-course

[info] 
=== Project Setup
[info] 
[info] First, let's associate this project directory with a Firebase project.
[info] You can create multiple project aliases by running firebase use --add, 
[info] but for now we'll just set up a default project.
[info] 
[debug] [2025-02-10T16:35:20.340Z] Checked if tokens are valid: true, expires at: 1739208600951
[debug] [2025-02-10T16:35:20.340Z] Checked if tokens are valid: true, expires at: 1739208600951
[debug] [2025-02-10T16:35:20.342Z] >>> [apiv2][query] GET https://firebase.googleapis.com/v1beta1/projects pageSize=100
[debug] [2025-02-10T16:35:21.631Z] <<< [apiv2][status] GET https://firebase.googleapis.com/v1beta1/projects 200
[debug] [2025-02-10T16:35:21.631Z] <<< [apiv2][body] GET https://firebase.googleapis.com/v1beta1/projects [omitted]
[info] i  Using project fir-course-ec443 (firebase-course) 
[info] 
=== Hosting Setup
[debug] [2025-02-10T16:35:27.711Z] Checked if tokens are valid: true, expires at: 1739208600951
[debug] [2025-02-10T16:35:27.711Z] Checked if tokens are valid: true, expires at: 1739208600951
[debug] [2025-02-10T16:35:27.712Z] >>> [apiv2][query] GET https://firebase.googleapis.com/v1beta1/projects/fir-course-ec443 [none]
[debug] [2025-02-10T16:35:28.693Z] <<< [apiv2][status] GET https://firebase.googleapis.com/v1beta1/projects/fir-course-ec443 200
[debug] [2025-02-10T16:35:28.694Z] <<< [apiv2][body] GET https://firebase.googleapis.com/v1beta1/projects/fir-course-ec443 {"projectId":"fir-course-ec443","projectNumber":"689561955309","displayName":"firebase-course","name":"projects/fir-course-ec443","resources":{"hostingSite":"fir-course-ec443"},"state":"ACTIVE","etag":"1_d1d74469-5aac-4f64-8f7d-744787b61b5c"}
[info] 
[info] Your public directory is the folder (relative to your project directory) that
[info] will contain Hosting assets to be uploaded with firebase deploy. If you
[info] have a build process for your assets, use your build's output directory.
[info] 
[info] ✔  Wrote public/404.html 
[debug] [2025-02-10T16:35:52.605Z] >>> [apiv2][query] GET https://www.gstatic.com/firebasejs/releases.json [none]
[debug] [2025-02-10T16:35:52.978Z] <<< [apiv2][status] GET https://www.gstatic.com/firebasejs/releases.json 200
[debug] [2025-02-10T16:35:52.978Z] <<< [apiv2][body] GET https://www.gstatic.com/firebasejs/releases.json {"current":{"version":"11.3.0","browserURL":"https://www.gstatic.com/firebasejs/11.3.0/firebase.js","packageURL":"https://www.gstatic.com/firebasejs/11.3.0/firebase.tgz"},"live":{"version":"11.3","browserURL":"https://www.gstatic.com/firebasejs/live/11.3/firebase.js","packageURL":"https://www.gstatic.com/firebasejs/live/11.3/firebase.tgz"},"components":{"analytics":"https://www.gstatic.com/firebasejs/11.3.0/firebase-analytics.js","app":"https://www.gstatic.com/firebasejs/11.3.0/firebase-app.js","app-check":"https://www.gstatic.com/firebasejs/11.3.0/firebase-app-check.js","auth":"https://www.gstatic.com/firebasejs/11.3.0/firebase-auth.js","auth/cordova":"https://www.gstatic.com/firebasejs/11.3.0/firebase-auth/cordova.js","auth/web-extension":"https://www.gstatic.com/firebasejs/11.3.0/firebase-auth/web-extension.js","functions":"https://www.gstatic.com/firebasejs/11.3.0/firebase-functions.js","firestore":"https://www.gstatic.com/firebasejs/11.3.0/firebase-firestore.js","firestore/lite":"https://www.gstatic.com/firebasejs/11.3.0/firebase-firestore/lite.js","installations":"https://www.gstatic.com/firebasejs/11.3.0/firebase-installations.js","storage":"https://www.gstatic.com/firebasejs/11.3.0/firebase-storage.js","performance":"https://www.gstatic.com/firebasejs/11.3.0/firebase-performance.js","remote-config":"https://www.gstatic.com/firebasejs/11.3.0/firebase-remote-config.js","messaging":"https://www.gstatic.com/firebasejs/11.3.0/firebase-messaging.js","messaging/sw":"https://www.gstatic.com/firebasejs/11.3.0/firebase-messaging/sw.js","database":"https://www.gstatic.com/firebasejs/11.3.0/firebase-database.js","vertexai":"https://www.gstatic.com/firebasejs/11.3.0/firebase-vertexai.js","data-connect":"https://www.gstatic.com/firebasejs/11.3.0/firebase-data-connect.js","firestore.memory":"https://www.gstatic.com/firebasejs/11.3.0/firebase-firestore.memory.js"}}
[info] i  Skipping write of public/index.html 
[info] 
[info] i  Detected a .git folder at /Users/saif/Library/CloudStorage/Dropbox/Idris/Code/JavaScript/React/firebase-course 
[info] i  Authorizing with GitHub to upload your service account to a GitHub repository's secrets store. 
[info] 
[info] Visit this URL on this device to log in:
[info] https://github.com/login/oauth/authorize?client_id=89cf50f02ac6aaed3484&state=888410982&redirect_uri=http%3A%2F%2Flocalhost%3A9005&scope=read%3Auser%20repo%20public_repo
[info] 
[info] Waiting for authentication...
[debug] [2025-02-10T16:44:13.954Z] >>> [apiv2][query] POST https://github.com/login/oauth/access_token [none]
[debug] [2025-02-10T16:44:13.954Z] >>> [apiv2][body] POST https://github.com/login/oauth/access_token [stream]
[debug] [2025-02-10T16:44:20.599Z] <<< [apiv2][status] POST https://github.com/login/oauth/access_token 200
[debug] [2025-02-10T16:44:20.600Z] <<< [apiv2][body] POST https://github.com/login/oauth/access_token {"access_token":"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","token_type":"bearer","scope":"read:user,repo"}
[debug] [2025-02-10T16:44:20.602Z] >>> [apiv2][query] GET https://api.github.com/user [none]
[debug] [2025-02-10T16:44:26.166Z] <<< [apiv2][status] GET https://api.github.com/user 200
[debug] [2025-02-10T16:44:26.166Z] <<< [apiv2][body] GET https://api.github.com/user {"login":"Idristhegr8","id":90543535,"node_id":"MDQ6VXNlcjkwNTQzNTM1","avatar_url":"https://avatars.githubusercontent.com/u/90543535?v=4","gravatar_id":"","url":"https://api.github.com/users/Idristhegr8","html_url":"https://github.com/Idristhegr8","followers_url":"https://api.github.com/users/Idristhegr8/followers","following_url":"https://api.github.com/users/Idristhegr8/following{/other_user}","gists_url":"https://api.github.com/users/Idristhegr8/gists{/gist_id}","starred_url":"https://api.github.com/users/Idristhegr8/starred{/owner}{/repo}","subscriptions_url":"https://api.github.com/users/Idristhegr8/subscriptions","organizations_url":"https://api.github.com/users/Idristhegr8/orgs","repos_url":"https://api.github.com/users/Idristhegr8/repos","events_url":"https://api.github.com/users/Idristhegr8/events{/privacy}","received_events_url":"https://api.github.com/users/Idristhegr8/received_events","type":"User","user_view_type":"private","site_admin":false,"name":null,"company":null,"blog":"","location":null,"email":null,"hireable":null,"bio":null,"twitter_username":null,"notification_email":null,"public_repos":3,"public_gists":0,"followers":0,"following":0,"created_at":"2021-09-12T05:26:08Z","updated_at":"2025-02-08T16:07:46Z","private_gists":0,"total_private_repos":10,"owned_private_repos":10,"disk_usage":807971,"collaborators":0,"two_factor_authentication":true,"plan":{"name":"free","space":976562499,"collaborators":0,"private_repos":10000}}
[info] 
[info] ✔  Success! Logged into GitHub as Idristhegr8 
[info] 
